FAILED: eigenproblem/EigSym
FAILED: eigenproblem/getsub
FAILED: poisson/fmgv2D
FAILED: poisson/Jacobi2DGraph
FAILED: poisson/Poisson2D_InnerTrainingLoop
FAILED: poisson/Poisson2D_InnerTransform
FAILED: poisson/Poisson2D_RunLoop
FAILED: poisson/Poisson2D_TrainingLoop
PASSED: add
PASSED: eigenproblem/Bisection
PASSED: eigenproblem/BisectionTD
PASSED: eigenproblem/DC
PASSED: eigenproblem/DCTD
PASSED: eigenproblem/DCTDcutoff25
PASSED: eigenproblem/DCTDLAPACK
PASSED: eigenproblem/EigTD
PASSED: eigenproblem/mergeQ
PASSED: eigenproblem/QRiteration
PASSED: eigenproblem/QRTD
PASSED: eigenproblem/QRtridiag
PASSED: eigenproblem/QRtridiagOne
PASSED: eigenproblem/trial1
PASSED: eigenproblem/trial2
PASSED: multiply
PASSED: poisson/BS2D
PASSED: poisson/BS2DInterior
PASSED: poisson/ComputeError
PASSED: poisson/error
PASSED: poisson/Interpolate2Dnew
PASSED: poisson/Jacobi2D
PASSED: poisson/Jacobi2DInterior
PASSED: poisson/mgv2D
PASSED: poisson/mgv2DGraph
PASSED: poisson/Poisson2D
PASSED: poisson/Residual2D
PASSED: poisson/Restrict2Dnew
PASSED: poisson/SOR2D
PASSED: poisson/SOR2DGraph
PASSED: poisson/SOR2DInterior
PASSED: rollingsum
PASSED: sort/Insertionsort
PASSED: sort/Mergesort
PASSED: sort/Parallel_Mergesort
PASSED: sort/Quicksort
PASSED: sort/Radixsort
PASSED: sort/Radixsort4
PASSED: sort/Sort
PASSED: strassen
PASSED: test1
PASSED: test10
PASSED: test11
PASSED: test12
PASSED: test13
PASSED: test2
PASSED: test3
PASSED: test4
PASSED: test5
PASSED: test6
PASSED: test7
PASSED: test8
PASSED: test9
PASSED: transpose
PASSED: utilities
